2025-03-19 09:19:24.017 | INFO     | __main__:main:41 - Starting data preparation...
2025-03-19 09:19:24.018 | INFO     | __main__:read_raw_data:26 - Reading raw data from C:\Projects\smart-store-caffery\data\raw\customers_data.csv.
2025-03-19 09:19:24.050 | INFO     | __main__:read_raw_data:26 - Reading raw data from C:\Projects\smart-store-caffery\data\raw\products_data.csv.
2025-03-19 09:19:24.076 | INFO     | __main__:read_raw_data:26 - Reading raw data from C:\Projects\smart-store-caffery\data\raw\sales_data.csv.
2025-03-19 09:19:24.111 | INFO     | __main__:main:45 - Data preparation complete.
2025-03-25 10:52:35.910 | INFO     | __main__:main:41 - Starting data preparation...
2025-03-25 10:52:35.911 | INFO     | __main__:read_raw_data:26 - Reading raw data from C:\Projects\smart-store-caffery\data\raw\customers_data.csv.
2025-03-25 10:52:35.938 | INFO     | __main__:read_raw_data:26 - Reading raw data from C:\Projects\smart-store-caffery\data\raw\products_data.csv.
2025-03-25 10:52:35.959 | INFO     | __main__:read_raw_data:26 - Reading raw data from C:\Projects\smart-store-caffery\data\raw\sales_data.csv.
2025-03-25 10:52:35.982 | INFO     | __main__:main:45 - Data preparation complete.
2025-03-25 11:06:21.689 | INFO     | __main__:main:41 - Starting data preparation...
2025-03-25 11:06:21.690 | INFO     | __main__:read_raw_data:26 - Reading raw data from C:\Projects\smart-store-caffery\data\raw\customers_data.csv.
2025-03-25 11:06:21.696 | INFO     | __main__:read_raw_data:26 - Reading raw data from C:\Projects\smart-store-caffery\data\raw\products_data.csv.
2025-03-25 11:06:21.697 | INFO     | __main__:read_raw_data:26 - Reading raw data from C:\Projects\smart-store-caffery\data\raw\sales_data.csv.
2025-03-25 11:06:21.699 | INFO     | __main__:main:45 - Data preparation complete.
2025-03-25 11:06:53.311 | INFO     | __main__:main:41 - Starting data preparation...
2025-03-25 11:06:53.311 | INFO     | __main__:read_raw_data:26 - Reading raw data from C:\Projects\smart-store-caffery\data\raw\customers_data.csv.
2025-03-25 11:06:53.327 | INFO     | __main__:read_raw_data:26 - Reading raw data from C:\Projects\smart-store-caffery\data\raw\products_data.csv.
2025-03-25 11:06:53.348 | INFO     | __main__:read_raw_data:26 - Reading raw data from C:\Projects\smart-store-caffery\data\raw\sales_data.csv.
2025-03-25 11:06:53.376 | INFO     | __main__:main:45 - Data preparation complete.
2025-03-25 12:55:17.847 | INFO     | __main__:main:59 - ======================
2025-03-25 12:55:17.848 | INFO     | __main__:main:60 - STARTING data_prep.py
2025-03-25 12:55:17.849 | INFO     | __main__:main:61 - ======================
2025-03-25 12:55:17.849 | INFO     | __main__:main:63 - ========================
2025-03-25 12:55:17.850 | INFO     | __main__:main:64 - Starting CUSTOMERS prep
2025-03-25 12:55:17.850 | INFO     | __main__:main:65 - ========================
2025-03-25 12:55:17.950 | INFO     | __main__:save_prepared_data:55 - Data saved to C:\Projects\smart-store-caffery\data\prepared\customers_data_prepared.csv
2025-03-25 12:55:17.951 | INFO     | __main__:main:85 - ========================
2025-03-25 12:55:17.952 | INFO     | __main__:main:86 - Starting PRODUCTS prep
2025-03-25 12:55:17.952 | INFO     | __main__:main:87 - ========================
2025-03-25 12:55:18.001 | INFO     | __main__:save_prepared_data:55 - Data saved to C:\Projects\smart-store-caffery\data\prepared\products_data_prepared.csv
2025-03-25 12:55:18.001 | INFO     | __main__:main:103 - ========================
2025-03-25 12:55:18.002 | INFO     | __main__:main:104 - Starting SALES prep
2025-03-25 12:55:18.002 | INFO     | __main__:main:105 - ========================
2025-03-25 12:55:18.048 | INFO     | __main__:save_prepared_data:55 - Data saved to C:\Projects\smart-store-caffery\data\prepared\sales_data_prepared.csv
2025-03-25 12:55:18.049 | INFO     | __main__:main:124 - ======================
2025-03-25 12:55:18.050 | INFO     | __main__:main:125 - FINISHED data_prep.py
2025-03-25 12:55:18.050 | INFO     | __main__:main:126 - ======================
